<?xml version="1.0" encoding="UTF-8"?>
<!-- Generated by org.testng.reporters.JUnitReportReporter -->
<testsuite skipped="0" hostname="LAPTOP-8GHFP5NF" name="Programs.MissingNo" tests="1" failures="0" timestamp="22 May 2020 06:49:28 GMT" time="0.009" errors="0">
  <testcase name="missingNoTest" time="0.009" classname="Programs.MissingNo"/>
</testsuite> <!-- Programs.MissingNo -->
