<?xml version="1.0" encoding="UTF-8"?>
<!-- Generated by org.testng.reporters.JUnitReportReporter -->
<testsuite skipped="0" hostname="LAPTOP-8GHFP5NF" name="Programs.SecondHighestNo" tests="1" failures="0" timestamp="08 May 2020 11:05:43 GMT" time="0.008" errors="0">
  <testcase name="test" time="0.008" classname="Programs.SecondHighestNo"/>
</testsuite> <!-- Programs.SecondHighestNo -->
