<?xml version="1.0" encoding="UTF-8"?>
<!-- Generated by org.testng.reporters.JUnitReportReporter -->
<testsuite skipped="0" hostname="LAPTOP-8GHFP5NF" name="Programs.PrimeNumber" tests="1" failures="0" timestamp="08 May 2020 16:24:24 GMT" time="0.012" errors="0">
  <testcase name="test" time="0.012" classname="Programs.PrimeNumber"/>
</testsuite> <!-- Programs.PrimeNumber -->
