<?xml version="1.0" encoding="UTF-8"?>
<!-- Generated by org.testng.reporters.JUnitReportReporter -->
<testsuite skipped="0" hostname="LAPTOP-8GHFP5NF" name="Programs.ReverseNo" tests="1" failures="0" timestamp="08 May 2020 10:29:52 GMT" time="194.208" errors="0">
  <testcase name="test" time="194.208" classname="Programs.ReverseNo"/>
</testsuite> <!-- Programs.ReverseNo -->
