<?xml version="1.0" encoding="UTF-8"?>
<!-- Generated by org.testng.reporters.JUnitReportReporter -->
<testsuite skipped="0" hostname="LAPTOP-8GHFP5NF" name="Programs.HighestNo" tests="1" failures="0" timestamp="08 May 2020 11:14:09 GMT" time="0.007" errors="0">
  <testcase name="test" time="0.007" classname="Programs.HighestNo"/>
</testsuite> <!-- Programs.HighestNo -->
