<?xml version="1.0" encoding="UTF-8"?>
<!-- Generated by org.testng.reporters.JUnitReportReporter -->
<testsuite skipped="0" hostname="LAPTOP-8GHFP5NF" name="Programs.IterateArrayList" tests="1" failures="0" timestamp="27 May 2020 07:44:58 GMT" time="0.022" errors="0">
  <testcase name="testWithLamdaExpr" time="0.022" classname="Programs.IterateArrayList"/>
</testsuite> <!-- Programs.IterateArrayList -->
