<?xml version="1.0" encoding="UTF-8"?>
<!-- Generated by org.testng.reporters.JUnitReportReporter -->
<testsuite skipped="0" hostname="LAPTOP-8GHFP5NF" name="test.Interview" tests="1" failures="0" timestamp="01 Apr 2020 12:21:52 GMT" time="529.044" errors="0">
  <testcase name="longestPalindrome" time="529.044" classname="test.Interview"/>
</testsuite> <!-- test.Interview -->
