<?xml version="1.0" encoding="UTF-8"?>
<!-- Generated by org.testng.reporters.JUnitReportReporter -->
<testsuite skipped="0" hostname="LAPTOP-8GHFP5NF" name="Programs.ArmstrongNo" tests="1" failures="0" timestamp="20 May 2020 06:49:06 GMT" time="0.012" errors="0">
  <testcase name="test" time="0.012" classname="Programs.ArmstrongNo"/>
</testsuite> <!-- Programs.ArmstrongNo -->
