<?xml version="1.0" encoding="UTF-8"?>
<!-- Generated by org.testng.reporters.JUnitReportReporter -->
<testsuite skipped="0" hostname="LAPTOP-8GHFP5NF" name="Programs.PowerOfNo" tests="1" failures="0" timestamp="27 May 2020 11:19:44 GMT" time="49.009" errors="0">
  <testcase name="test" time="49.009" classname="Programs.PowerOfNo"/>
</testsuite> <!-- Programs.PowerOfNo -->
