<?xml version="1.0" encoding="UTF-8"?>
<!-- Generated by org.testng.reporters.JUnitReportReporter -->
<testsuite skipped="0" hostname="LAPTOP-8GHFP5NF" name="Programs.AlphabetVowelORConsonant" tests="1" failures="0" timestamp="08 May 2020 16:29:51 GMT" time="0.010" errors="0">
  <testcase name="test" time="0.010" classname="Programs.AlphabetVowelORConsonant"/>
</testsuite> <!-- Programs.AlphabetVowelORConsonant -->
