<?xml version="1.0" encoding="UTF-8"?>
<!-- Generated by org.testng.reporters.JUnitReportReporter -->
<testsuite skipped="0" hostname="LAPTOP-8GHFP5NF" name="Programs.LeapYear" tests="1" failures="0" timestamp="08 May 2020 16:49:34 GMT" time="0.009" errors="0">
  <testcase name="test" time="0.009" classname="Programs.LeapYear"/>
</testsuite> <!-- Programs.LeapYear -->
