<?xml version="1.0" encoding="UTF-8"?>
<!-- Generated by org.testng.reporters.JUnitReportReporter -->
<testsuite skipped="0" hostname="LAPTOP-8GHFP5NF" name="Programs.DuplicateChar" tests="1" failures="0" timestamp="25 Apr 2020 16:48:24 GMT" time="0.008" errors="0">
  <testcase name="findDuplicate" time="0.008" classname="Programs.DuplicateChar"/>
</testsuite> <!-- Programs.DuplicateChar -->
