<?xml version="1.0" encoding="UTF-8"?>
<!-- Generated by org.testng.reporters.JUnitReportReporter -->
<testsuite skipped="0" hostname="LAPTOP-8GHFP5NF" name="test.DataProvider" tests="2" failures="0" timestamp="11 Apr 2020 08:22:07 GMT" time="0.013" errors="0">
  <testcase name="PrintMsg" time="0.002" classname="test.DataProvider"/>
  <testcase name="PrintMsg" time="0.011" classname="test.DataProvider"/>
</testsuite> <!-- test.DataProvider -->
