<?xml version="1.0" encoding="UTF-8"?>
<!-- Generated by org.testng.reporters.JUnitReportReporter -->
<testsuite skipped="0" hostname="LAPTOP-8GHFP5NF" name="Programs.PrimeNumberBetween" tests="1" failures="0" timestamp="27 May 2020 11:23:40 GMT" time="0.020" errors="0">
  <testcase name="test" time="0.020" classname="Programs.PrimeNumberBetween"/>
</testsuite> <!-- Programs.PrimeNumberBetween -->
