<?xml version="1.0" encoding="UTF-8"?>
<!-- Generated by org.testng.reporters.JUnitReportReporter -->
<testsuite skipped="0" hostname="LAPTOP-8GHFP5NF" name="Programs.Factorial" tests="1" failures="0" timestamp="08 May 2020 10:47:32 GMT" time="0.017" errors="0">
  <testcase name="factWithoutLoop" time="0.017" classname="Programs.Factorial"/>
</testsuite> <!-- Programs.Factorial -->
