<?xml version="1.0" encoding="UTF-8"?>
<!-- Generated by org.testng.reporters.JUnitReportReporter -->
<testsuite skipped="0" hostname="LAPTOP-8GHFP5NF" name="Tests.AdidasAssignment" tests="1" failures="0" timestamp="17 Oct 2020 05:28:05 GMT" time="489.298" errors="0">
  <testcase name="loginTest" time="489.298" classname="Tests.AdidasAssignment"/>
</testsuite> <!-- Tests.AdidasAssignment -->
