<?xml version="1.0" encoding="UTF-8"?>
<!-- Generated by org.testng.reporters.JUnitReportReporter -->
<testsuite skipped="0" hostname="LAPTOP-8GHFP5NF" name="Tests.EXLAssignment" tests="1" failures="0" timestamp="12 Oct 2020 12:20:51 GMT" time="85.645" errors="0">
  <testcase name="loginTest" time="85.645" classname="Tests.EXLAssignment"/>
</testsuite> <!-- Tests.EXLAssignment -->
